
Thu 14 Mar 2024 08:30:59 PM UTC: 
 exercises.c | 29 +++++++++++++++++++++++++----
 1 file changed, 25 insertions(+), 4 deletions(-)
In file included from test.c:1:
exercises.c: In function ‘filterEvenNumbers’:
exercises.c:44:7: error: unused variable ‘i’ [-Werror=unused-variable]
   44 |   int i = 0;
      |       ^
exercises.c:43:8: error: unused variable ‘newArr’ [-Werror=unused-variable]
   43 |   int *newArr = malloc(sizeof(int) * size);
      |        ^~~~~~
cc1: all warnings being treated as errors
Compilation failed
7152743
Thu 14 Mar 2024 08:39:29 PM UTC: 
 exercises.c | 13 ++++++++++---
 1 file changed, 10 insertions(+), 3 deletions(-)
In file included from test.c:1:
exercises.c:64:26: error: expected identifier or ‘(’ before ‘}’ token
   64 |   */                     }
      |                          ^
test.c: In function ‘test_mergeSort’:
test.c:204:3: error: implicit declaration of function ‘mergeSortedArrays’ [-Werror=implicit-function-declaration]
  204 |   mergeSortedArrays(arr1, size1, arr2, size2, result);
      |   ^~~~~~~~~~~~~~~~~
cc1: all warnings being treated as errors
Compilation failed
6aedf78
Thu 14 Mar 2024 08:40:25 PM UTC: 
 exercises.c | 8 ++++----
 1 file changed, 4 insertions(+), 4 deletions(-)
test.c: In function ‘test_mergeSort’:
test.c:204:3: error: implicit declaration of function ‘mergeSortedArrays’ [-Werror=implicit-function-declaration]
  204 |   mergeSortedArrays(arr1, size1, arr2, size2, result);
      |   ^~~~~~~~~~~~~~~~~
test.c: In function ‘test_checkSorted’:
test.c:258:18: error: implicit declaration of function ‘checkSorted’; did you mean ‘test_checkSorted’? [-Werror=implicit-function-declaration]
  258 |     int result = checkSorted(arr, size);
      |                  ^~~~~~~~~~~
      |                  test_checkSorted
cc1: all warnings being treated as errors
Compilation failed
1c2de24
Thu 14 Mar 2024 08:41:21 PM UTC: 
 exercises.c | 8 ++++----
 1 file changed, 4 insertions(+), 4 deletions(-)
test.c: In function ‘test_mergeSort’:
test.c:204:3: error: implicit declaration of function ‘mergeSortedArrays’ [-Werror=implicit-function-declaration]
  204 |   mergeSortedArrays(arr1, size1, arr2, size2, result);
      |   ^~~~~~~~~~~~~~~~~
cc1: all warnings being treated as errors
Compilation failed
e92dc19
Thu 14 Mar 2024 08:41:28 PM UTC: 
test.c: In function ‘test_mergeSort’:
test.c:204:3: error: implicit declaration of function ‘mergeSortedArrays’ [-Werror=implicit-function-declaration]
  204 |   mergeSortedArrays(arr1, size1, arr2, size2, result);
      |   ^~~~~~~~~~~~~~~~~
cc1: all warnings being treated as errors
Compilation failed
16e46a1
